<?xml version="1.0" encoding="UTF-8"?>
<!-- Generated by org.testng.reporters.JUnitXMLReporter -->
<testsuite ignored="0" hostname="Raghu-PC" failures="0" tests="4" name="DatePicker" time="11.642" errors="0" timestamp="2023-01-08T18:26:56 CST">
  <testcase classname="AssesmentThree.QuestionFour" name="openurl" time="3.976"/>
  <testcase classname="AssesmentThree.QuestionFour" name="todaysDateSelector" time="0.457"/>
  <testcase classname="AssesmentThree.QuestionFour" name="toSupport" time="2.617"/>
  <testcase classname="AssesmentThree.QuestionFour" name="futureDateSelector" time="4.331"/>
</testsuite> <!-- DatePicker -->
